0 info it worked if it ends with ok
1 verbose cli [ 'C:\\Program Files\\nodejs\\node.exe',
1 verbose cli   'C:\\Users\\LuisDiego\\AppData\\Roaming\\npm\\node_modules\\npm\\bin\\npm-cli.js',
1 verbose cli   'start' ]
2 info using npm@3.8.6
3 info using node@v4.4.1
4 verbose run-script [ 'prestart', 'start', 'poststart' ]
5 info lifecycle AprotecREST@0.0.0~prestart: AprotecREST@0.0.0
6 silly lifecycle AprotecREST@0.0.0~prestart: no script for prestart, continuing
7 info lifecycle AprotecREST@0.0.0~start: AprotecREST@0.0.0
8 verbose lifecycle AprotecREST@0.0.0~start: unsafe-perm in lifecycle true
9 verbose lifecycle AprotecREST@0.0.0~start: PATH: C:\Users\LuisDiego\AppData\Roaming\npm\node_modules\npm\bin\node-gyp-bin;C:\Users\LuisDiego\Desktop\APROTEC\Web-Service\node_modules\.bin;C:\Program Files\nodejs;C:\ProgramData\Oracle\Java\javapath;C:\Program Files (x86)\Dev-Cpp\MinGW64\bin;D:\app\usrOracle\product\12.1.0\dbhome_1\bin;D:\app\luisdiego\product\12.1.0\dbhome_1\bin;C:\Program Files (x86)\Intel\iCLS Client\;C:\Program Files\Intel\iCLS Client\;C:\WINDOWS\system32;C:\WINDOWS;C:\WINDOWS\System32\Wbem;C:\WINDOWS\System32\WindowsPowerShell\v1.0\;C:\Program Files\Intel\Intel(R) Management Engine Components\DAL;C:\Program Files\Intel\Intel(R) Management Engine Components\IPT;C:\Program Files (x86)\Intel\Intel(R) Management Engine Components\DAL;C:\Program Files (x86)\Intel\Intel(R) Management Engine Components\IPT;C:\Program Files (x86)\Intel\OpenCL SDK\2.0\bin\x86;C:\Program Files (x86)\Intel\OpenCL SDK\2.0\bin\x64;C:\Program Files (x86)\Microsoft SQL Server\110\Tools\Binn\;C:\Program Files\Microsoft SQL Server\110\Tools\Binn\;C:\Program Files\Microsoft SQL Server\110\DTS\Binn\;C:\Program Files\Microsoft\Web Platform Installer\;C:\Program Files (x86)\Microsoft ASP.NET\ASP.NET Web Pages\v1.0\;C:\Program Files (x86)\Microsoft SQL Server\110\Tools\Binn\ManagementStudio\;C:\Program Files (x86)\Microsoft Visual Studio 10.0\Common7\IDE\PrivateAssemblies\;C:\Program Files (x86)\Microsoft SQL Server\110\DTS\Binn\;C:\Program Files (x86)\Windows Kits\8.1\Windows Performance Toolkit\;C:\Program Files (x86)\Microsoft SDKs\TypeScript\1.0\;C:\Program Files\Microsoft SQL Server\120\Tools\Binn\;C:\Program Files (x86)\Windows Live\Shared;C:\Program Files\nodejs\;C:\Users\LuisDiego\.dnx\bin;C:\Program Files\Microsoft DNX\Dnvm\;C:\Program Files (x86)\Heroku\bin;C:\Program Files (x86)\git\cmd;D:\android-sdk_r23.0.2-windows\android-sdk-windows\platform-tools;D:\android-sdk_r23.0.2-windows\android-sdk-windows\tools;C:\Program Files (x86)\Windows Kits\8.0\Windows Performance Toolkit\;C:\Program Files (x86)\Microsoft SQL Server\Client SDK\ODBC\130\Tools\Binn\;C:\Program Files (x86)\Microsoft SQL Server\130\Tools\Binn\;C:\Program Files (x86)\Microsoft SQL Server\130\DTS\Binn\;C:\Program Files (x86)\Microsoft SQL Server\130\Tools\Binn\ManagementStudio\;C:\Program Files (x86)\Skype\Phone\;C:\Program Files\NetMake\v9\components\php;C:\Program Files (x86)\Microsoft SQL Server\90\Tools\binn\;C:\ProgramData\ComposerSetup\bin;C:\Program Files\Git\cmd;C:\Users\LuisDiego\AppData\Roaming\npm;C:\Users\LuisDiego\AppData\Roaming\Composer\vendor\bin;C:\Program Files\Docker Toolbox
10 verbose lifecycle AprotecREST@0.0.0~start: CWD: C:\Users\LuisDiego\Desktop\APROTEC\Web-Service
11 silly lifecycle AprotecREST@0.0.0~start: Args: [ '/d /s /c', 'node server.js' ]
12 silly lifecycle AprotecREST@0.0.0~start: Returned: code: 1  signal: null
13 info lifecycle AprotecREST@0.0.0~start: Failed to exec start script
14 verbose stack Error: AprotecREST@0.0.0 start: `node server.js`
14 verbose stack Exit status 1
14 verbose stack     at EventEmitter.<anonymous> (C:\Users\LuisDiego\AppData\Roaming\npm\node_modules\npm\lib\utils\lifecycle.js:239:16)
14 verbose stack     at emitTwo (events.js:87:13)
14 verbose stack     at EventEmitter.emit (events.js:172:7)
14 verbose stack     at ChildProcess.<anonymous> (C:\Users\LuisDiego\AppData\Roaming\npm\node_modules\npm\lib\utils\spawn.js:24:14)
14 verbose stack     at emitTwo (events.js:87:13)
14 verbose stack     at ChildProcess.emit (events.js:172:7)
14 verbose stack     at maybeClose (internal/child_process.js:827:16)
14 verbose stack     at Process.ChildProcess._handle.onexit (internal/child_process.js:211:5)
15 verbose pkgid AprotecREST@0.0.0
16 verbose cwd C:\Users\LuisDiego\Desktop\APROTEC\Web-Service
17 error Windows_NT 6.3.9600
18 error argv "C:\\Program Files\\nodejs\\node.exe" "C:\\Users\\LuisDiego\\AppData\\Roaming\\npm\\node_modules\\npm\\bin\\npm-cli.js" "start"
19 error node v4.4.1
20 error npm  v3.8.6
21 error code ELIFECYCLE
22 error AprotecREST@0.0.0 start: `node server.js`
22 error Exit status 1
23 error Failed at the AprotecREST@0.0.0 start script 'node server.js'.
23 error Make sure you have the latest version of node.js and npm installed.
23 error If you do, this is most likely a problem with the AprotecREST package,
23 error not with npm itself.
23 error Tell the author that this fails on your system:
23 error     node server.js
23 error You can get information on how to open an issue for this project with:
23 error     npm bugs AprotecREST
23 error Or if that isn't available, you can get their info via:
23 error     npm owner ls AprotecREST
23 error There is likely additional logging output above.
24 verbose exit [ 1, true ]
